<?xml version="1.0" encoding="UTF-8"?>
<!-- Generated by org.testng.reporters.JUnitXMLReporter -->
<testsuite hostname="LAPTOP-DQ25KTNT" ignored="1" name="Default test" tests="1" failures="0" timestamp="11 Sep 2020 21:53:49 GMT" time="6.824" errors="0">
  <testcase name="checkResponsefor_UserId" time="6.79" classname="com.qa.RestAPI.tests.posts"/>
  <testcase name="getresponse" time="0.0" classname="com.qa.RestAPI.tests.posts">
    <ignored/>
  </testcase> <!-- getresponse -->
</testsuite> <!-- Default test -->
