<?xml version="1.0" encoding="UTF-8"?>
<testng-results skipped="0" failed="0" ignored="1" total="2" passed="1">
  <reporter-output>
  </reporter-output>
  <suite name="Default suite" duration-ms="6824" started-at="2020-09-11T21:53:42Z" finished-at="2020-09-11T21:53:49Z">
    <groups>
    </groups>
    <test name="Default test" duration-ms="6824" started-at="2020-09-11T21:53:42Z" finished-at="2020-09-11T21:53:49Z">
      <class name="com.qa.RestAPI.tests.posts">
        <test-method status="PASS" signature="checkResponsefor_UserId()[pri:1, instance:com.qa.RestAPI.tests.posts@59494225]" name="checkResponsefor_UserId" duration-ms="6790" started-at="2020-09-11T21:53:42Z" finished-at="2020-09-11T21:53:49Z">
          <reporter-output>
          </reporter-output>
        </test-method> <!-- checkResponsefor_UserId -->
      </class> <!-- com.qa.RestAPI.tests.posts -->
    </test> <!-- Default test -->
  </suite> <!-- Default suite -->
</testng-results>
